Start testing: Mar 09 20:11 -03
----------------------------------------------------------
1/1 Testing: engine::add suma correctamente
1/1 Test: engine::add suma correctamente
Command: "/home/snmanja/Documents/Chess-engine-/engine/build/native-debug/engine_tests" "engine::add suma correctamente"
Directory: /home/snmanja/Documents/Chess-engine-/engine/build/native-debug
"engine::add suma correctamente" start time: Mar 09 20:11 -03
Output:
----------------------------------------------------------
Filters: "engine::add suma correctamente"
Randomness seeded to: 1188550715
===============================================================================
All tests passed (2 assertions in 1 test case)

<end of output>
Test time =   0.01 sec
----------------------------------------------------------
Test Passed.
"engine::add suma correctamente" end time: Mar 09 20:11 -03
"engine::add suma correctamente" time elapsed: 00:00:00
----------------------------------------------------------

End testing: Mar 09 20:11 -03
